  homework.c
C:\masa\С\homework\homework\homework.c(92,15): warning C4244: return: преобразование "WPARAM" в "int", возможна потеря данных
C:\masa\С\homework\homework\homework.c(220,32): warning C4013: FindDestination: нет определения; предполагается "extern" с возвратом типа "int"
C:\masa\С\homework\homework\homework.c(222,51): warning C4244: функция: преобразование "float" в "int", возможна потеря данных
C:\masa\С\homework\homework\homework.c(235,56): warning C4244: функция: преобразование "float" в "int", возможна потеря данных
C:\masa\С\homework\homework\homework.c(248,56): warning C4244: функция: преобразование "float" в "int", возможна потеря данных
C:\masa\С\homework\homework\homework.c(261,56): warning C4244: функция: преобразование "float" в "int", возможна потеря данных
C:\masa\С\homework\homework\homework.c(364,13): warning C4101: bufferForSpeed: неиспользованная локальная переменная
C:\masa\С\homework\homework\homework.c(363,13): warning C4101: bufferForScore: неиспользованная локальная переменная
C:\masa\С\homework\homework\homework.c(455,36): warning C4013: getMiliseconds: нет определения; предполагается "extern" с возвратом типа "int"
C:\masa\С\homework\homework\homework.c(486,18): warning C4244: функция: преобразование "int" в "float", возможна потеря данных
C:\masa\С\homework\homework\homework.c(486,24): warning C4244: функция: преобразование "int" в "float", возможна потеря данных
C:\masa\С\homework\homework\homework.c(486,30): warning C4020: AddFruit: слишком много фактических параметров
C:\masa\С\homework\homework\homework.c(491,1): warning C4029: объявленный список формальных параметров отличается от объявления
C:\masa\С\homework\homework\homework.c(549,65): warning C4244: функция: преобразование "int" в "float", возможна потеря данных
C:\masa\С\homework\homework\homework.c(549,85): warning C4244: функция: преобразование "int" в "float", возможна потеря данных
C:\masa\С\homework\homework\homework.c(552,65): warning C4244: функция: преобразование "int" в "float", возможна потеря данных
C:\masa\С\homework\homework\homework.c(552,85): warning C4244: функция: преобразование "int" в "float", возможна потеря данных
C:\masa\С\homework\homework\homework.c(555,56): warning C4244: функция: преобразование "int" в "float", возможна потеря данных
C:\masa\С\homework\homework\homework.c(555,75): warning C4244: функция: преобразование "int" в "float", возможна потеря данных
C:\masa\С\homework\homework\homework.c(558,56): warning C4244: функция: преобразование "int" в "float", возможна потеря данных
C:\masa\С\homework\homework\homework.c(558,75): warning C4244: функция: преобразование "int" в "float", возможна потеря данных
C:\masa\С\homework\homework\homework.c(539,53): warning C4244: инициализация: преобразование "float" в "int", возможна потеря данных
C:\masa\С\homework\homework\homework.c(540,53): warning C4244: инициализация: преобразование "float" в "int", возможна потеря данных
C:\masa\С\homework\homework\homework.c(541,12): warning C4101: prevSpeed: неиспользованная локальная переменная
C:\masa\С\homework\homework\homework.c(658,110): warning C4244: функция: преобразование "float" в "int", возможна потеря данных
  Создание кода
  1 of 28 functions ( 3.6%) were compiled, the rest were copied from previous compilation.
    0 functions were new in current compilation
    2 functions had inline decision re-evaluated but remain unchanged
  Создание кода завершено
  homework.vcxproj -> C:\masa\С\homework\x64\Release\homework.exe
